2021-02-27 11:30:27 CST INFO  org.springframework.web.context.ContextLoader305initWebApplicationContext - Root WebApplicationContext: initialization started
2021-02-27 11:30:27 CST INFO  org.springframework.context.support.AbstractApplicationContext578prepareRefresh - Refreshing Root WebApplicationContext: startup date [Sat Feb 27 11:30:27 CST 2021]; root of context hierarchy
2021-02-27 11:30:27 CST INFO  org.springframework.beans.factory.xml.XmlBeanDefinitionReader317loadBeanDefinitions - Loading XML bean definitions from class path resource [spring/spring-mybatis.xml]
2021-02-27 11:30:28 CST INFO  org.springframework.core.io.support.PropertiesLoaderSupport172loadProperties - Loading properties file from class path resource [db.properties]
2021-02-27 11:30:29 CST INFO  com.alibaba.druid.support.logging.Log4j2Impl106info - {dataSource-1} inited
2021-02-27 11:30:29 CST INFO  org.springframework.web.context.ContextLoader345initWebApplicationContext - Root WebApplicationContext: initialization completed in 2290 ms
2021-02-27 11:30:29 CST INFO  org.springframework.web.servlet.FrameworkServlet487initServletBean - FrameworkServlet 'springmvc1': initialization started
2021-02-27 11:30:29 CST INFO  org.springframework.context.support.AbstractApplicationContext578prepareRefresh - Refreshing WebApplicationContext for namespace 'springmvc1-servlet': startup date [Sat Feb 27 11:30:29 CST 2021]; parent: Root WebApplicationContext
2021-02-27 11:30:29 CST INFO  org.springframework.beans.factory.xml.XmlBeanDefinitionReader317loadBeanDefinitions - Loading XML bean definitions from URL [file:/D:/JAVASourceCode/SpringMVC-Task4/target/SpringMVC-Task4/WEB-INF/classes/spring/spring-mvc.xml]
2021-02-27 11:30:33 CST INFO  org.springframework.context.support.PostProcessorRegistrationDelegate$BeanPostProcessorChecker328postProcessAfterInitialization - Bean 'messageSource' of type [class org.springframework.context.support.ReloadableResourceBundleMessageSource] is not eligible for getting processed by all BeanPostProcessors (for example: not eligible for auto-proxying)
2021-02-27 11:30:34 CST INFO  org.springframework.context.support.PostProcessorRegistrationDelegate$BeanPostProcessorChecker328postProcessAfterInitialization - Bean 'validator' of type [class org.springframework.validation.beanvalidation.LocalValidatorFactoryBean] is not eligible for getting processed by all BeanPostProcessors (for example: not eligible for auto-proxying)
2021-02-27 11:30:34 CST INFO  org.springframework.web.servlet.handler.AbstractHandlerMethodMapping$MappingRegistry534register - Mapped "{[/Student/excellentStudent],methods=[GET]}" onto public java.lang.String com.kbk.controller.StudentController.excellentStudent(java.util.Map<java.lang.String, java.lang.Object>)
2021-02-27 11:30:34 CST INFO  org.springframework.web.servlet.handler.AbstractHandlerMethodMapping$MappingRegistry534register - Mapped "{[/Student/profession],methods=[GET]}" onto public java.lang.String com.kbk.controller.StudentController.profession(java.util.Map<java.lang.String, java.lang.Object>)
2021-02-27 11:30:35 CST INFO  org.springframework.web.servlet.mvc.method.annotation.RequestMappingHandlerAdapter539initControllerAdviceCache - Looking for @ControllerAdvice: WebApplicationContext for namespace 'springmvc1-servlet': startup date [Sat Feb 27 11:30:29 CST 2021]; parent: Root WebApplicationContext
2021-02-27 11:30:35 CST INFO  org.springframework.web.servlet.mvc.method.annotation.RequestMappingHandlerAdapter539initControllerAdviceCache - Looking for @ControllerAdvice: WebApplicationContext for namespace 'springmvc1-servlet': startup date [Sat Feb 27 11:30:29 CST 2021]; parent: Root WebApplicationContext
2021-02-27 11:30:35 CST INFO  org.springframework.web.servlet.handler.AbstractUrlHandlerMapping341registerHandler - Mapped URL path [/**] onto handler 'org.springframework.web.servlet.resource.DefaultServletHttpRequestHandler#0'
2021-02-27 11:30:35 CST INFO  org.apache.tiles.access.TilesAccess93setContainer - Publishing TilesContext for context: org.springframework.web.servlet.view.tiles3.SpringWildcardServletTilesApplicationContext
2021-02-27 11:30:35 CST INFO  org.springframework.web.servlet.FrameworkServlet506initServletBean - FrameworkServlet 'springmvc1': initialization completed in 5893 ms
2021-02-27 11:33:29 CST INFO  org.springframework.context.support.AbstractApplicationContext960doClose - Closing WebApplicationContext for namespace 'springmvc1-servlet': startup date [Sat Feb 27 11:30:29 CST 2021]; parent: Root WebApplicationContext
2021-02-27 11:33:29 CST INFO  org.apache.tiles.access.TilesAccess88setContainer - Removing TilesContext for context: org.springframework.web.servlet.view.tiles3.SpringWildcardServletTilesApplicationContext
2021-02-27 11:33:29 CST INFO  org.springframework.context.support.AbstractApplicationContext960doClose - Closing Root WebApplicationContext: startup date [Sat Feb 27 11:30:27 CST 2021]; root of context hierarchy
2021-02-27 11:33:29 CST INFO  com.alibaba.druid.support.logging.Log4j2Impl106info - {dataSource-1} closed
2021-02-27 12:31:49 CST INFO  org.springframework.web.context.ContextLoader305initWebApplicationContext - Root WebApplicationContext: initialization started
2021-02-27 12:31:49 CST INFO  org.springframework.context.support.AbstractApplicationContext578prepareRefresh - Refreshing Root WebApplicationContext: startup date [Sat Feb 27 12:31:49 CST 2021]; root of context hierarchy
2021-02-27 12:31:49 CST INFO  org.springframework.beans.factory.xml.XmlBeanDefinitionReader317loadBeanDefinitions - Loading XML bean definitions from class path resource [spring/spring-mybatis.xml]
2021-02-27 12:31:50 CST INFO  org.springframework.core.io.support.PropertiesLoaderSupport172loadProperties - Loading properties file from class path resource [db.properties]
2021-02-27 12:31:50 CST INFO  com.alibaba.druid.support.logging.Log4j2Impl106info - {dataSource-1} inited
2021-02-27 12:31:51 CST INFO  org.springframework.web.context.ContextLoader345initWebApplicationContext - Root WebApplicationContext: initialization completed in 2162 ms
2021-02-27 12:31:51 CST INFO  org.springframework.web.servlet.FrameworkServlet487initServletBean - FrameworkServlet 'springmvc1': initialization started
2021-02-27 12:31:51 CST INFO  org.springframework.context.support.AbstractApplicationContext578prepareRefresh - Refreshing WebApplicationContext for namespace 'springmvc1-servlet': startup date [Sat Feb 27 12:31:51 CST 2021]; parent: Root WebApplicationContext
2021-02-27 12:31:51 CST INFO  org.springframework.beans.factory.xml.XmlBeanDefinitionReader317loadBeanDefinitions - Loading XML bean definitions from URL [file:/D:/JAVASourceCode/SpringMVC-Task4/target/SpringMVC-Task4/WEB-INF/classes/spring/spring-mvc.xml]
2021-02-27 12:31:53 CST INFO  org.springframework.context.support.PostProcessorRegistrationDelegate$BeanPostProcessorChecker328postProcessAfterInitialization - Bean 'messageSource' of type [class org.springframework.context.support.ReloadableResourceBundleMessageSource] is not eligible for getting processed by all BeanPostProcessors (for example: not eligible for auto-proxying)
2021-02-27 12:31:54 CST INFO  org.springframework.context.support.PostProcessorRegistrationDelegate$BeanPostProcessorChecker328postProcessAfterInitialization - Bean 'validator' of type [class org.springframework.validation.beanvalidation.LocalValidatorFactoryBean] is not eligible for getting processed by all BeanPostProcessors (for example: not eligible for auto-proxying)
2021-02-27 12:31:54 CST INFO  org.springframework.web.servlet.handler.AbstractHandlerMethodMapping$MappingRegistry534register - Mapped "{[/profession],methods=[GET]}" onto public java.lang.String com.kbk.controller.StudentController.profession(java.util.Map<java.lang.String, java.lang.Object>)
2021-02-27 12:31:54 CST INFO  org.springframework.web.servlet.handler.AbstractHandlerMethodMapping$MappingRegistry534register - Mapped "{[/excellentStudent],methods=[GET]}" onto public java.lang.String com.kbk.controller.StudentController.excellentStudent(java.util.Map<java.lang.String, java.lang.Object>)
2021-02-27 12:31:55 CST INFO  org.springframework.web.servlet.mvc.method.annotation.RequestMappingHandlerAdapter539initControllerAdviceCache - Looking for @ControllerAdvice: WebApplicationContext for namespace 'springmvc1-servlet': startup date [Sat Feb 27 12:31:51 CST 2021]; parent: Root WebApplicationContext
2021-02-27 12:31:55 CST INFO  org.springframework.web.servlet.mvc.method.annotation.RequestMappingHandlerAdapter539initControllerAdviceCache - Looking for @ControllerAdvice: WebApplicationContext for namespace 'springmvc1-servlet': startup date [Sat Feb 27 12:31:51 CST 2021]; parent: Root WebApplicationContext
2021-02-27 12:31:55 CST INFO  org.springframework.web.servlet.handler.AbstractUrlHandlerMapping341registerHandler - Mapped URL path [/**] onto handler 'org.springframework.web.servlet.resource.DefaultServletHttpRequestHandler#0'
2021-02-27 12:31:55 CST INFO  org.apache.tiles.access.TilesAccess93setContainer - Publishing TilesContext for context: org.springframework.web.servlet.view.tiles3.SpringWildcardServletTilesApplicationContext
2021-02-27 12:31:55 CST INFO  org.springframework.web.servlet.FrameworkServlet506initServletBean - FrameworkServlet 'springmvc1': initialization completed in 4138 ms
2021-02-27 12:34:27 CST INFO  org.springframework.context.support.AbstractApplicationContext960doClose - Closing WebApplicationContext for namespace 'springmvc1-servlet': startup date [Sat Feb 27 12:31:51 CST 2021]; parent: Root WebApplicationContext
2021-02-27 12:34:27 CST INFO  org.apache.tiles.access.TilesAccess88setContainer - Removing TilesContext for context: org.springframework.web.servlet.view.tiles3.SpringWildcardServletTilesApplicationContext
2021-02-27 12:34:27 CST INFO  org.springframework.context.support.AbstractApplicationContext960doClose - Closing Root WebApplicationContext: startup date [Sat Feb 27 12:31:49 CST 2021]; root of context hierarchy
2021-02-27 12:34:27 CST INFO  com.alibaba.druid.support.logging.Log4j2Impl106info - {dataSource-1} closed
2021-02-27 14:22:07 CST INFO  org.springframework.web.context.ContextLoader305initWebApplicationContext - Root WebApplicationContext: initialization started
2021-02-27 14:22:07 CST INFO  org.springframework.context.support.AbstractApplicationContext578prepareRefresh - Refreshing Root WebApplicationContext: startup date [Sat Feb 27 14:22:07 CST 2021]; root of context hierarchy
2021-02-27 14:22:07 CST INFO  org.springframework.beans.factory.xml.XmlBeanDefinitionReader317loadBeanDefinitions - Loading XML bean definitions from class path resource [spring/spring-mybatis.xml]
2021-02-27 14:22:08 CST INFO  org.springframework.core.io.support.PropertiesLoaderSupport172loadProperties - Loading properties file from class path resource [db.properties]
2021-02-27 14:22:09 CST INFO  com.alibaba.druid.support.logging.Log4j2Impl106info - {dataSource-1} inited
2021-02-27 14:22:09 CST INFO  org.springframework.web.context.ContextLoader345initWebApplicationContext - Root WebApplicationContext: initialization completed in 2180 ms
2021-02-27 14:22:09 CST INFO  org.springframework.web.servlet.FrameworkServlet487initServletBean - FrameworkServlet 'springmvc1': initialization started
2021-02-27 14:22:09 CST INFO  org.springframework.context.support.AbstractApplicationContext578prepareRefresh - Refreshing WebApplicationContext for namespace 'springmvc1-servlet': startup date [Sat Feb 27 14:22:09 CST 2021]; parent: Root WebApplicationContext
2021-02-27 14:22:09 CST INFO  org.springframework.beans.factory.xml.XmlBeanDefinitionReader317loadBeanDefinitions - Loading XML bean definitions from URL [file:/D:/JAVASourceCode/SpringMVC-Task4/target/SpringMVC-Task4/WEB-INF/classes/spring/spring-mvc.xml]
2021-02-27 14:22:13 CST INFO  org.springframework.context.support.PostProcessorRegistrationDelegate$BeanPostProcessorChecker328postProcessAfterInitialization - Bean 'messageSource' of type [class org.springframework.context.support.ReloadableResourceBundleMessageSource] is not eligible for getting processed by all BeanPostProcessors (for example: not eligible for auto-proxying)
2021-02-27 14:22:14 CST INFO  org.springframework.context.support.PostProcessorRegistrationDelegate$BeanPostProcessorChecker328postProcessAfterInitialization - Bean 'validator' of type [class org.springframework.validation.beanvalidation.LocalValidatorFactoryBean] is not eligible for getting processed by all BeanPostProcessors (for example: not eligible for auto-proxying)
2021-02-27 14:22:14 CST INFO  org.springframework.web.servlet.handler.AbstractHandlerMethodMapping$MappingRegistry534register - Mapped "{[/excellentStudent],methods=[GET]}" onto public java.lang.String com.kbk.controller.StudentController.excellentStudent(java.util.Map<java.lang.String, java.lang.Object>)
2021-02-27 14:22:14 CST INFO  org.springframework.web.servlet.handler.AbstractHandlerMethodMapping$MappingRegistry534register - Mapped "{[/profession],methods=[GET]}" onto public java.lang.String com.kbk.controller.StudentController.profession(java.util.Map<java.lang.String, java.lang.Object>)
2021-02-27 14:22:15 CST INFO  org.springframework.web.servlet.mvc.method.annotation.RequestMappingHandlerAdapter539initControllerAdviceCache - Looking for @ControllerAdvice: WebApplicationContext for namespace 'springmvc1-servlet': startup date [Sat Feb 27 14:22:09 CST 2021]; parent: Root WebApplicationContext
2021-02-27 14:22:15 CST INFO  org.springframework.web.servlet.mvc.method.annotation.RequestMappingHandlerAdapter539initControllerAdviceCache - Looking for @ControllerAdvice: WebApplicationContext for namespace 'springmvc1-servlet': startup date [Sat Feb 27 14:22:09 CST 2021]; parent: Root WebApplicationContext
2021-02-27 14:22:15 CST INFO  org.springframework.web.servlet.handler.AbstractUrlHandlerMapping341registerHandler - Mapped URL path [/**] onto handler 'org.springframework.web.servlet.resource.DefaultServletHttpRequestHandler#0'
2021-02-27 14:22:15 CST INFO  org.apache.tiles.access.TilesAccess93setContainer - Publishing TilesContext for context: org.springframework.web.servlet.view.tiles3.SpringWildcardServletTilesApplicationContext
2021-02-27 14:22:15 CST INFO  org.springframework.web.servlet.FrameworkServlet506initServletBean - FrameworkServlet 'springmvc1': initialization completed in 5761 ms
2021-02-27 14:23:07 CST INFO  org.springframework.context.support.AbstractApplicationContext960doClose - Closing WebApplicationContext for namespace 'springmvc1-servlet': startup date [Sat Feb 27 14:22:09 CST 2021]; parent: Root WebApplicationContext
2021-02-27 14:23:07 CST INFO  org.apache.tiles.access.TilesAccess88setContainer - Removing TilesContext for context: org.springframework.web.servlet.view.tiles3.SpringWildcardServletTilesApplicationContext
2021-02-27 14:23:07 CST INFO  org.springframework.context.support.AbstractApplicationContext960doClose - Closing Root WebApplicationContext: startup date [Sat Feb 27 14:22:07 CST 2021]; root of context hierarchy
2021-02-27 14:23:07 CST INFO  com.alibaba.druid.support.logging.Log4j2Impl106info - {dataSource-1} closed
